<?xml version="1.0" encoding="UTF-8" ?>
<testsuite tests="4" failures="0" name="com.niit.Test.CategoryUnitTest" time="7.408" errors="0" skipped="3">
  <properties>
[...]
</properties>
  <testcase classname="com.niit.Test.CategoryUnitTest" name="deleteCategory" time="3.411">
    <skipped/>
    <system-err>Jan 18, 2019 7:29:32 AM org.hibernate.Version logVersion
INFO: HHH000412: Hibernate Core {5.4.0.Final}
Jan 18, 2019 7:29:32 AM org.hibernate.cfg.Environment &lt;clinit&gt;
INFO: HHH000206: hibernate.properties not found
Jan 18, 2019 7:29:32 AM org.hibernate.annotations.common.reflection.java.JavaReflectionManager &lt;clinit&gt;
INFO: HCANN000001: Hibernate Commons Annotations {5.1.0.Final}
Jan 18, 2019 7:29:32 AM org.hibernate.dialect.Dialect &lt;init&gt;
INFO: HHH000400: Using dialect: org.hibernate.dialect.H2Dialect
Jan 18, 2019 7:29:33 AM org.hibernate.validator.internal.util.Version &lt;clinit&gt;
INFO: HV000001: Hibernate Validator 6.0.13.Final
Jan 18, 2019 7:29:34 AM org.hibernate.engine.transaction.jta.platform.internal.JtaPlatformInitiator initiateService
INFO: HHH000490: Using JtaPlatform implementation: [org.hibernate.engine.transaction.jta.platform.internal.NoJtaPlatform]
</system-err>
  </testcase>
  <testcase classname="com.niit.Test.CategoryUnitTest" name="addCategoryTest" time="3.411">
    <skipped/>
  </testcase>
  <testcase classname="com.niit.Test.CategoryUnitTest" name="showCategories" time="0.293"/>
  <testcase classname="com.niit.Test.CategoryUnitTest" name="updateCategory" time="0.293">
    <skipped/>
  </testcase>
</testsuite>